<?xml version="1.0" encoding="UTF-8"?>
<testng-results ignored="0" total="1" passed="1" failed="0" skipped="0">
  <reporter-output>
  </reporter-output>
  <suite started-at="2023-06-25T14:18:25 IST" name="All Test Suite" finished-at="2023-06-25T14:18:26 IST" duration-ms="880">
    <groups>
      <group name="cucumber">
        <method signature="AbstractTestNGCucumberTests.runScenario(io.cucumber.testng.PickleWrapper,io.cucumber.testng.FeatureWrapper)[pri:0, instance:com.raghib.cucumber.runner.CucumberRunner@769e7ee8]" name="runScenario" class="io.cucumber.testng.AbstractTestNGCucumberTests"/>
      </group> <!-- cucumber -->
    </groups>
    <test started-at="2023-06-25T14:18:25 IST" name="C:/RAGHIB_DATA/IntellIj_Workspace/CucumberTestNgSeleniumProject" finished-at="2023-06-25T14:18:26 IST" duration-ms="880">
      <class name="com.raghib.cucumber.runner.CucumberRunner">
        <test-method is-config="true" signature="setUpClass(org.testng.ITestContext)[pri:0, instance:com.raghib.cucumber.runner.CucumberRunner@769e7ee8]" started-at="2023-06-25T14:18:25 IST" name="setUpClass" finished-at="2023-06-25T14:18:26 IST" duration-ms="568" status="PASS">
          <params>
            <param index="0">
              <value>
                <![CDATA[org.testng.TestRunner@4ddbbdf8]]>
              </value>
            </param>
          </params>
          <reporter-output>
          </reporter-output>
        </test-method> <!-- setUpClass -->
        <test-method signature="runScenario(io.cucumber.testng.PickleWrapper,io.cucumber.testng.FeatureWrapper)[pri:0, instance:com.raghib.cucumber.runner.CucumberRunner@769e7ee8]" started-at="2023-06-25T14:18:26 IST" name="runScenario" description="Runs Cucumber Scenarios" data-provider="scenarios" finished-at="2023-06-25T14:18:26 IST" duration-ms="205" status="PASS">
          <params>
            <param index="0">
              <value>
                <![CDATA["Logo presence on OrangeHRM home page"]]>
              </value>
            </param>
            <param index="1">
              <value>
                <![CDATA["OrangeHRM Login"]]>
              </value>
            </param>
          </params>
          <reporter-output>
          </reporter-output>
        </test-method> <!-- runScenario -->
        <test-method is-config="true" signature="tearDownClass()[pri:0, instance:com.raghib.cucumber.runner.CucumberRunner@769e7ee8]" started-at="2023-06-25T14:18:26 IST" name="tearDownClass" finished-at="2023-06-25T14:18:26 IST" duration-ms="15" status="PASS">
          <reporter-output>
          </reporter-output>
        </test-method> <!-- tearDownClass -->
      </class> <!-- com.raghib.cucumber.runner.CucumberRunner -->
    </test> <!-- C:/RAGHIB_DATA/IntellIj_Workspace/CucumberTestNgSeleniumProject -->
  </suite> <!-- All Test Suite -->
</testng-results>
